<?xml version="1.0" encoding="UTF-8"?>
<!-- Generated by org.testng.reporters.JUnitReportReporter -->
<testsuite hostname="DESKTOP-8PK82TL" failures="0" tests="3" name="DataProviderExample" time="0.020" errors="0" timestamp="22 Apr 2020 12:01:07 GMT" skipped="0">
  <testcase classname="DataProviderExample" name="loginTest" time="0.003"/>
  <testcase classname="DataProviderExample" name="loginTest" time="0.014"/>
  <testcase classname="DataProviderExample" name="loginTest" time="0.003"/>
</testsuite> <!-- DataProviderExample -->
