<?xml version="1.0" encoding="UTF-8"?>
<!-- Generated by org.testng.reporters.JUnitReportReporter -->
<testsuite hostname="DESKTOP-8PK82TL" failures="0" tests="2" name="parallerTesting.ParallerTest1" time="38.020" errors="0" timestamp="22 Apr 2020 20:21:05 GMT" skipped="0">
  <testcase classname="parallerTesting.ParallerTest1" name="homepageTitle" time="21.154"/>
  <testcase classname="parallerTesting.ParallerTest1" name="logoTest" time="16.866"/>
</testsuite> <!-- parallerTesting.ParallerTest1 -->
