<?xml version="1.0" encoding="UTF-8"?>
<!-- Generated by org.testng.reporters.JUnitReportReporter -->
<testsuite hostname="DESKTOP-8PK82TL" failures="0" tests="2" name="AssestionExamples" time="0.396" errors="0" timestamp="22 Apr 2020 13:29:29 GMT" skipped="0">
  <testcase classname="AssestionExamples" name="logoTest" time="0.366"/>
  <testcase classname="AssestionExamples" name="homeTitle" time="0.030"/>
</testsuite> <!-- AssestionExamples -->
