<?xml version="1.0" encoding="UTF-8"?>
<!-- Generated by org.testng.reporters.JUnitReportReporter -->
<testsuite hostname="DESKTOP-8PK82TL" failures="0" tests="2" name="GroupingExample" time="0.015" errors="0" timestamp="22 Apr 2020 08:48:13 GMT" skipped="0">
  <testcase classname="GroupingExample" name="test4" time="0.001"/>
  <testcase classname="GroupingExample" name="test3" time="0.014"/>
</testsuite> <!-- GroupingExample -->
