<?xml version="1.0" encoding="UTF-8"?>
<!-- Generated by org.testng.reporters.JUnitReportReporter -->
<testsuite hostname="DESKTOP-8PK82TL" failures="0" tests="2" name="TC1" time="0.026" errors="0" timestamp="22 Apr 2020 11:24:52 GMT" skipped="0">
  <testcase classname="TC1" name="test1" time="0.016"/>
  <testcase classname="TC1" name="test2" time="0.010"/>
</testsuite> <!-- TC1 -->
