<?xml version="1.0" encoding="UTF-8"?>
<!-- Generated by org.testng.reporters.JUnitReportReporter -->
<testsuite hostname="DESKTOP-8PK82TL" failures="0" tests="2" name="parallelTesting.ParallelTest1" time="46.926" errors="0" timestamp="28 Apr 2020 03:49:08 GMT" skipped="0">
  <testcase classname="parallelTesting.ParallelTest1" name="logoTest" time="18.943"/>
  <testcase classname="parallelTesting.ParallelTest1" name="homepageTitle" time="27.983"/>
</testsuite> <!-- parallelTesting.ParallelTest1 -->
