<?xml version="1.0" encoding="UTF-8"?>
<!-- Generated by org.testng.reporters.JUnitReportReporter -->
<testsuite hostname="DESKTOP-8PK82TL" failures="0" tests="4" name="PriorityExample" time="0.022" errors="0" timestamp="22 Apr 2020 05:41:55 GMT" skipped="1">
  <testcase classname="PriorityExample" name="testOne" time="0.016"/>
  <testcase classname="PriorityExample" name="TestTwo" time="0.004"/>
  <testcase classname="PriorityExample" name="TestThree" time="0.002"/>
  <testcase classname="PriorityExample" name="TestFour">
    <skipped/>
  </testcase> <!-- TestFour -->
</testsuite> <!-- PriorityExample -->
