<?xml version="1.0" encoding="UTF-8"?>
<!-- Generated by org.testng.reporters.JUnitReportReporter -->
<testsuite hostname="DESKTOP-8PK82TL" failures="0" tests="1" name="SecondTestCase" time="0.016" errors="0" timestamp="20 Apr 2020 00:27:41 GMT" skipped="0">
  <testcase classname="SecondTestCase" name="SearchCustomer" time="0.016"/>
</testsuite> <!-- SecondTestCase -->
