<?xml version="1.0" encoding="UTF-8"?>
<!-- Generated by org.testng.reporters.JUnitReportReporter -->
<testsuite hostname="DESKTOP-8PK82TL" failures="0" tests="2" name="TC02" time="0.017" errors="0" timestamp="22 Apr 2020 11:24:52 GMT" skipped="0">
  <testcase classname="TC02" name="test4" time="0.007"/>
  <testcase classname="TC02" name="test3" time="0.010"/>
</testsuite> <!-- TC02 -->
