<?xml version="1.0" encoding="UTF-8"?>
<!-- Generated by org.testng.reporters.JUnitReportReporter -->
<testsuite hostname="DESKTOP-8PK82TL" failures="0" tests="3" name="FirstTestCase" time="0.031" errors="0" timestamp="20 Apr 2020 00:27:00 GMT" skipped="0">
  <testcase classname="FirstTestCase" name="setup" time="0.026"/>
  <testcase classname="FirstTestCase" name="login" time="0.002"/>
  <testcase classname="FirstTestCase" name="teardown" time="0.003"/>
</testsuite> <!-- FirstTestCase -->
