<?xml version="1.0" encoding="UTF-8"?>
<!-- Generated by org.testng.reporters.JUnitReportReporter -->
<testsuite hostname="DESKTOP-8PK82TL" failures="0" tests="1" name="Listener.LoginTest" time="0.027" errors="0" timestamp="23 Apr 2020 03:58:17 GMT" skipped="0">
  <testcase classname="Listener.LoginTest" name="loginByEmail" time="0.027"/>
</testsuite> <!-- Listener.LoginTest -->
