<?xml version="1.0" encoding="UTF-8"?>
<!-- Generated by org.testng.reporters.JUnitReportReporter -->
<testsuite hostname="DESKTOP-8PK82TL" failures="0" tests="1" name="parallerTesting.ParallelTesting2" time="21.888" errors="0" timestamp="22 Apr 2020 20:21:05 GMT" skipped="0">
  <testcase classname="parallerTesting.ParallelTesting2" name="loginTest" time="21.888"/>
</testsuite> <!-- parallerTesting.ParallelTesting2 -->
